Using pre-set license
Built from '2020.3/staging' branch; Version is '2020.3.14f1 (d0d1bb862f9d) revision 13685179'; Using compiler version '192528614'; Build Type 'Release'
OS: 'Windows 10 Enterprise N; OS build 19043.1110; Version 2009; 64bit' Language: 'en' Physical Memory: 16315 MB
BatchMode: 1, IsHumanControllingUs: 0, StartBugReporterOnCrash: 0, Is64bit: 1, IsPro: 0

 COMMAND LINE ARGUMENTS:
C:\Program Files\Unity\Hub\Editor\2020.3.14f1\Editor\Unity.exe
-adb2
-batchMode
-noUpm
-name
AssetImportWorker0
-projectPath
E:/_Test/GravityJack_AR_VR testing project/Project/Unity-AR-Foundation-Test
-logFile
Logs/AssetImportWorker0.log
-srvPort
11156
Successfully changed project path to: E:/_Test/GravityJack_AR_VR testing project/Project/Unity-AR-Foundation-Test
E:/_Test/GravityJack_AR_VR testing project/Project/Unity-AR-Foundation-Test
Using Asset Import Pipeline V2.
Refreshing native plugins compatible for Editor in 31.09 ms, found 2 plugins.
Preloading 0 native plugins for Editor in 0.00 ms.
Initialize engine version: 2020.3.14f1 (d0d1bb862f9d)
[Subsystems] Discovering subsystems at path C:/Program Files/Unity/Hub/Editor/2020.3.14f1/Editor/Data/Resources/UnitySubsystems
[Subsystems] Discovering subsystems at path E:/_Test/GravityJack_AR_VR testing project/Project/Unity-AR-Foundation-Test/Assets
GfxDevice: creating device client; threaded=0
Direct3D:
    Version:  Direct3D 11.0 [level 11.1]
    Renderer: NVIDIA GeForce RTX 3080 (ID=0x2206)
    Vendor:   
    VRAM:     10077 MB
    Driver:   30.0.14.7111
Initialize mono
Mono path[0] = 'C:/Program Files/Unity/Hub/Editor/2020.3.14f1/Editor/Data/Managed'
Mono path[1] = 'C:/Program Files/Unity/Hub/Editor/2020.3.14f1/Editor/Data/MonoBleedingEdge/lib/mono/unityjit'
Mono config path = 'C:/Program Files/Unity/Hub/Editor/2020.3.14f1/Editor/Data/MonoBleedingEdge/etc'
Using monoOptions --debugger-agent=transport=dt_socket,embedding=1,server=y,suspend=n,address=127.0.0.1:56576
Begin MonoManager ReloadAssembly
Registering precompiled unity dll's ...
Register platform support module: C:/Program Files/Unity/Hub/Editor/2020.3.14f1/Editor/Data/PlaybackEngines/WebGLSupport/UnityEditor.WebGL.Extensions.dll
Register platform support module: C:/Program Files/Unity/Hub/Editor/2020.3.14f1/Editor/Data/PlaybackEngines/WindowsStandaloneSupport/UnityEditor.WindowsStandalone.Extensions.dll
Registered in 0.002245 seconds.
Native extension for WindowsStandalone target not found
Native extension for WebGL target not found
Refreshing native plugins compatible for Editor in 34.37 ms, found 2 plugins.
Preloading 0 native plugins for Editor in 0.00 ms.
Mono: successfully reloaded assembly
- Completed reload, in  1.290 seconds
Domain Reload Profiling:
	ReloadAssembly (1290ms)
		BeginReloadAssembly (54ms)
			ExecutionOrderSort (0ms)
			DisableScriptedObjects (0ms)
			BackupInstance (0ms)
			ReleaseScriptingObjects (0ms)
			CreateAndSetChildDomain (1ms)
		EndReloadAssembly (446ms)
			LoadAssemblies (52ms)
			RebuildTransferFunctionScriptingTraits (0ms)
			SetupTypeCache (151ms)
			ReleaseScriptCaches (0ms)
			RebuildScriptCaches (38ms)
			SetupLoadedEditorAssemblies (179ms)
				LogAssemblyErrors (0ms)
				InitializePlatformSupportModulesInManaged (5ms)
				SetLoadedEditorAssemblies (0ms)
				RefreshPlugins (34ms)
				BeforeProcessingInitializeOnLoad (20ms)
				ProcessInitializeOnLoadAttributes (91ms)
				ProcessInitializeOnLoadMethodAttributes (27ms)
				AfterProcessingInitializeOnLoad (0ms)
				EditorAssembliesLoaded (0ms)
			ExecutionOrderSort2 (0ms)
			AwakeInstancesAfterBackupRestoration (0ms)
Platform modules already initialized, skipping
Registering precompiled user dll's ...
Registered in 0.002550 seconds.
Begin MonoManager ReloadAssembly
Native extension for WindowsStandalone target not found
Native extension for WebGL target not found
Refreshing native plugins compatible for Editor in 28.36 ms, found 2 plugins.
Preloading 0 native plugins for Editor in 0.00 ms.
Mono: successfully reloaded assembly
- Completed reload, in  1.118 seconds
Domain Reload Profiling:
	ReloadAssembly (1119ms)
		BeginReloadAssembly (146ms)
			ExecutionOrderSort (0ms)
			DisableScriptedObjects (5ms)
			BackupInstance (0ms)
			ReleaseScriptingObjects (0ms)
			CreateAndSetChildDomain (19ms)
		EndReloadAssembly (909ms)
			LoadAssemblies (86ms)
			RebuildTransferFunctionScriptingTraits (0ms)
			SetupTypeCache (279ms)
			ReleaseScriptCaches (0ms)
			RebuildScriptCaches (62ms)
			SetupLoadedEditorAssemblies (350ms)
				LogAssemblyErrors (0ms)
				InitializePlatformSupportModulesInManaged (5ms)
				SetLoadedEditorAssemblies (0ms)
				RefreshPlugins (28ms)
				BeforeProcessingInitializeOnLoad (104ms)
				ProcessInitializeOnLoadAttributes (202ms)
				ProcessInitializeOnLoadMethodAttributes (4ms)
				AfterProcessingInitializeOnLoad (6ms)
				EditorAssembliesLoaded (0ms)
			ExecutionOrderSort2 (0ms)
			AwakeInstancesAfterBackupRestoration (7ms)
Platform modules already initialized, skipping
========================================================================
Worker process is ready to serve import requests
Launched and connected shader compiler UnityShaderCompiler.exe after 0.05 seconds
Refreshing native plugins compatible for Editor in 0.38 ms, found 2 plugins.
Preloading 0 native plugins for Editor in 0.00 ms.
Unloading 1812 Unused Serialized files (Serialized files now loaded: 0)
System memory in use before: 78.9 MB.
System memory in use after: 79.0 MB.

Unloading 21 unused Assets to reduce memory usage. Loaded Objects now: 2245.
Total: 2.040900 ms (FindLiveObjects: 0.161500 ms CreateObjectMapping: 0.059600 ms MarkObjects: 1.742800 ms  DeleteObjects: 0.075900 ms)

AssetImportParameters requested are different than current active one (requested -> active):
  custom:framework-win-MediaFoundation: 216162199b28c13a410421893ffa2e32 -> 
  custom:video-decoder-ogg-theora: a1e56fd34408186e4bbccfd4996cb3dc -> 
  custom:container-muxer-webm: aa71ff27fc2769a1b78a27578f13a17b -> 
  custom:container-demuxer-webm: 4f35f7cbe854078d1ac9338744f61a02 -> 
  custom:container-demuxer-ogg: 62fdf1f143b41e24485cea50d1cbac27 -> 
  custom:video-encoder-webm-vp8: eb34c28f22e8b96e1ab97ce403110664 -> 
  custom:video-decoder-webm-vp8: 9c59270c3fd7afecdb556c50c9e8de78 -> 
  custom:audio-decoder-ogg-vorbis: bf7c407c2cedff20999df2af8eb42d56 -> 
  custom:audio-encoder-webm-vorbis: bf7c407c2cedff20999df2af8eb42d56 -> 
========================================================================
Received Prepare
Registering precompiled user dll's ...
Registered in 0.002632 seconds.
Begin MonoManager ReloadAssembly
Native extension for WindowsStandalone target not found
Native extension for WebGL target not found
Refreshing native plugins compatible for Editor in 0.38 ms, found 2 plugins.
Preloading 0 native plugins for Editor in 0.00 ms.
Mono: successfully reloaded assembly
- Completed reload, in  0.999 seconds
Domain Reload Profiling:
	ReloadAssembly (999ms)
		BeginReloadAssembly (103ms)
			ExecutionOrderSort (0ms)
			DisableScriptedObjects (5ms)
			BackupInstance (0ms)
			ReleaseScriptingObjects (0ms)
			CreateAndSetChildDomain (31ms)
		EndReloadAssembly (838ms)
			LoadAssemblies (84ms)
			RebuildTransferFunctionScriptingTraits (0ms)
			SetupTypeCache (275ms)
			ReleaseScriptCaches (1ms)
			RebuildScriptCaches (44ms)
			SetupLoadedEditorAssemblies (328ms)
				LogAssemblyErrors (0ms)
				InitializePlatformSupportModulesInManaged (6ms)
				SetLoadedEditorAssemblies (0ms)
				RefreshPlugins (0ms)
				BeforeProcessingInitializeOnLoad (107ms)
				ProcessInitializeOnLoadAttributes (205ms)
				ProcessInitializeOnLoadMethodAttributes (3ms)
				AfterProcessingInitializeOnLoad (6ms)
				EditorAssembliesLoaded (0ms)
			ExecutionOrderSort2 (0ms)
			AwakeInstancesAfterBackupRestoration (7ms)
Platform modules already initialized, skipping
Switching build target platform(19) subTarget(0) extendedPlatform(0) -> platform(13) subTarget(524288) extendedPlatform(0)
Refreshing native plugins compatible for Editor in 0.45 ms, found 2 plugins.
Preloading 0 native plugins for Editor in 0.00 ms.
Unloading 1805 Unused Serialized files (Serialized files now loaded: 0)
System memory in use before: 78.6 MB.
System memory in use after: 78.7 MB.

Unloading 17 unused Assets to reduce memory usage. Loaded Objects now: 2250.
Total: 2.100300 ms (FindLiveObjects: 0.143900 ms CreateObjectMapping: 0.053500 ms MarkObjects: 1.840500 ms  DeleteObjects: 0.061600 ms)

AssetImportParameters requested are different than current active one (requested -> active):
  custom:framework-win-MediaFoundation: 216162199b28c13a410421893ffa2e32 -> 
  custom:video-decoder-ogg-theora: a1e56fd34408186e4bbccfd4996cb3dc -> 
  custom:container-muxer-webm: aa71ff27fc2769a1b78a27578f13a17b -> 
  custom:container-demuxer-webm: 4f35f7cbe854078d1ac9338744f61a02 -> 
  custom:container-demuxer-ogg: 62fdf1f143b41e24485cea50d1cbac27 -> 
  custom:video-encoder-webm-vp8: eb34c28f22e8b96e1ab97ce403110664 -> 
  custom:video-decoder-webm-vp8: 9c59270c3fd7afecdb556c50c9e8de78 -> 
  custom:graphics/normal-map-encoding: 01000000000000000000000000000000 -> 02000000000000000000000000000000
  custom:audio-decoder-ogg-vorbis: bf7c407c2cedff20999df2af8eb42d56 -> 
  custom:audio-encoder-webm-vorbis: bf7c407c2cedff20999df2af8eb42d56 -> 
========================================================================
Received Import Request.
  path: Assets/Scenes
  artifactKey: Guid(e02b2c3d89b86714caf170ca19ea1229) Importer(815301076,1909f56bfc062723c751e8b465ee728b)
Start importing Assets/Scenes using Guid(e02b2c3d89b86714caf170ca19ea1229) Importer(815301076,1909f56bfc062723c751e8b465ee728b)  -> (artifact id: '3b1adc9a1521dfe7eb7b9a3c4ae4fb50') in 0.008347 seconds 
  Import took 0.011515 seconds .

========================================================================
Received Import Request.
  Time since last request: 0.004508 seconds.
  path: Assets/Scenes
  artifactKey: Guid(e02b2c3d89b86714caf170ca19ea1229) Importer(815301076,1909f56bfc062723c751e8b465ee728b)
Start importing Assets/Scenes using Guid(e02b2c3d89b86714caf170ca19ea1229) Importer(815301076,1909f56bfc062723c751e8b465ee728b)  -> (artifact id: '3b1adc9a1521dfe7eb7b9a3c4ae4fb50') in 0.001831 seconds 
  Import took 0.004376 seconds .

========================================================================
Received Import Request.
  Time since last request: 1.809362 seconds.
  path: Assets/AR Featured Plane/AR Feathered Plane Fade.prefab
  artifactKey: Guid(5fbb0cd25c7e40741b7336b02dbcd688) Importer(815301076,1909f56bfc062723c751e8b465ee728b)
Start importing Assets/AR Featured Plane/AR Feathered Plane Fade.prefab using Guid(5fbb0cd25c7e40741b7336b02dbcd688) Importer(815301076,1909f56bfc062723c751e8b465ee728b)  -> (artifact id: '0a1e562d6f1e4c84b06fff31fdca974f') in 0.045628 seconds 
  Import took 0.048195 seconds .

========================================================================
Received Import Request.
  Time since last request: 5.011672 seconds.
  path: Assets/AR Featured Plane/ARFeatheredPlaneMeshVisualizer.cs
  artifactKey: Guid(820cb5de2f531cf4d8155966b3149240) Importer(815301076,1909f56bfc062723c751e8b465ee728b)
Start importing Assets/AR Featured Plane/ARFeatheredPlaneMeshVisualizer.cs using Guid(820cb5de2f531cf4d8155966b3149240) Importer(815301076,1909f56bfc062723c751e8b465ee728b)  -> (artifact id: '31d8da302847aad4d0d4a6d4d9208b1a') in 0.010358 seconds 
  Import took 0.012887 seconds .

========================================================================
Received Import Request.
  Time since last request: 0.026370 seconds.
  path: Assets/AR Featured Plane/ARFeatheredPlaneMeshVisualizer.cs
  artifactKey: Guid(820cb5de2f531cf4d8155966b3149240) Importer(815301076,1909f56bfc062723c751e8b465ee728b)
Start importing Assets/AR Featured Plane/ARFeatheredPlaneMeshVisualizer.cs using Guid(820cb5de2f531cf4d8155966b3149240) Importer(815301076,1909f56bfc062723c751e8b465ee728b)  -> (artifact id: '31d8da302847aad4d0d4a6d4d9208b1a') in 0.001620 seconds 
  Import took 0.004484 seconds .

========================================================================
Received Import Request.
  Time since last request: 3.936716 seconds.
  path: Assets/AR Featured Plane/FeatheredPlaneShader.shader
  artifactKey: Guid(52d9d93db575e5a47a225147009950b6) Importer(815301076,1909f56bfc062723c751e8b465ee728b)
Start importing Assets/AR Featured Plane/FeatheredPlaneShader.shader using Guid(52d9d93db575e5a47a225147009950b6) Importer(815301076,1909f56bfc062723c751e8b465ee728b)  -> (artifact id: '9ba7653537bd28e1a32132c779a02f41') in 0.007078 seconds 
  Import took 0.009715 seconds .

========================================================================
Received Import Request.
  Time since last request: 0.007182 seconds.
  path: Assets/AR Featured Plane/FeatheredPlaneShader.shader
  artifactKey: Guid(52d9d93db575e5a47a225147009950b6) Importer(815301076,1909f56bfc062723c751e8b465ee728b)
Start importing Assets/AR Featured Plane/FeatheredPlaneShader.shader using Guid(52d9d93db575e5a47a225147009950b6) Importer(815301076,1909f56bfc062723c751e8b465ee728b)  -> (artifact id: '9ba7653537bd28e1a32132c779a02f41') in 0.002327 seconds 
  Import took 0.004914 seconds .

========================================================================
Received Import Request.
  Time since last request: 8.214024 seconds.
  path: Assets/AR Featured Plane/PlanePatternDot.png
  artifactKey: Guid(c945c125a24a1034aae3af6f2f7d5c06) Importer(815301076,1909f56bfc062723c751e8b465ee728b)
Start importing Assets/AR Featured Plane/PlanePatternDot.png using Guid(c945c125a24a1034aae3af6f2f7d5c06) Importer(815301076,1909f56bfc062723c751e8b465ee728b)  -> (artifact id: '84c0777ebe6b33d62b0dd9e9c4ffa40e') in 0.037259 seconds 
  Import took 0.039881 seconds .

========================================================================
Received Import Request.
  Time since last request: 0.018582 seconds.
  path: Assets/AR Featured Plane/PlanePatternDot.png
  artifactKey: Guid(c945c125a24a1034aae3af6f2f7d5c06) Importer(815301076,1909f56bfc062723c751e8b465ee728b)
Start importing Assets/AR Featured Plane/PlanePatternDot.png using Guid(c945c125a24a1034aae3af6f2f7d5c06) Importer(815301076,1909f56bfc062723c751e8b465ee728b)  -> (artifact id: '84c0777ebe6b33d62b0dd9e9c4ffa40e') in 0.011941 seconds 
  Import took 0.014585 seconds .

========================================================================
Received Import Request.
  Time since last request: 127.070516 seconds.
  path: Assets/AR Featured Plane
  artifactKey: Guid(2880c58f96fbee7428aa9a36780c0501) Importer(815301076,1909f56bfc062723c751e8b465ee728b)
Start importing Assets/AR Featured Plane using Guid(2880c58f96fbee7428aa9a36780c0501) Importer(815301076,1909f56bfc062723c751e8b465ee728b)  -> (artifact id: '4aab6f152595ad96c2e30c43345ebdf9') in 0.006249 seconds 
  Import took 0.009580 seconds .

========================================================================
Received Prepare
Registering precompiled user dll's ...
Registered in 0.002639 seconds.
Begin MonoManager ReloadAssembly
Native extension for WindowsStandalone target not found
Native extension for WebGL target not found
Refreshing native plugins compatible for Editor in 0.37 ms, found 2 plugins.
Preloading 0 native plugins for Editor in 0.00 ms.
Mono: successfully reloaded assembly
- Completed reload, in  0.996 seconds
Domain Reload Profiling:
	ReloadAssembly (996ms)
		BeginReloadAssembly (101ms)
			ExecutionOrderSort (0ms)
			DisableScriptedObjects (4ms)
			BackupInstance (0ms)
			ReleaseScriptingObjects (0ms)
			CreateAndSetChildDomain (31ms)
		EndReloadAssembly (834ms)
			LoadAssemblies (84ms)
			RebuildTransferFunctionScriptingTraits (0ms)
			SetupTypeCache (267ms)
			ReleaseScriptCaches (1ms)
			RebuildScriptCaches (45ms)
			SetupLoadedEditorAssemblies (326ms)
				LogAssemblyErrors (0ms)
				InitializePlatformSupportModulesInManaged (6ms)
				SetLoadedEditorAssemblies (0ms)
				RefreshPlugins (0ms)
				BeforeProcessingInitializeOnLoad (105ms)
				ProcessInitializeOnLoadAttributes (206ms)
				ProcessInitializeOnLoadMethodAttributes (3ms)
				AfterProcessingInitializeOnLoad (6ms)
				EditorAssembliesLoaded (0ms)
			ExecutionOrderSort2 (0ms)
			AwakeInstancesAfterBackupRestoration (6ms)
Platform modules already initialized, skipping
Switching build target platform(19) subTarget(0) extendedPlatform(0) -> platform(13) subTarget(524288) extendedPlatform(0)
Refreshing native plugins compatible for Editor in 0.42 ms, found 2 plugins.
Preloading 0 native plugins for Editor in 0.00 ms.
Unloading 1803 Unused Serialized files (Serialized files now loaded: 0)
System memory in use before: 78.6 MB.
System memory in use after: 78.6 MB.

Unloading 17 unused Assets to reduce memory usage. Loaded Objects now: 2255.
Total: 2.027600 ms (FindLiveObjects: 0.148100 ms CreateObjectMapping: 0.054600 ms MarkObjects: 1.764800 ms  DeleteObjects: 0.059100 ms)

AssetImportParameters requested are different than current active one (requested -> active):
  custom:framework-win-MediaFoundation: 216162199b28c13a410421893ffa2e32 -> 
  custom:video-decoder-ogg-theora: a1e56fd34408186e4bbccfd4996cb3dc -> 
  custom:container-muxer-webm: aa71ff27fc2769a1b78a27578f13a17b -> 
  custom:container-demuxer-webm: 4f35f7cbe854078d1ac9338744f61a02 -> 
  custom:container-demuxer-ogg: 62fdf1f143b41e24485cea50d1cbac27 -> 
  custom:video-encoder-webm-vp8: eb34c28f22e8b96e1ab97ce403110664 -> 
  custom:video-decoder-webm-vp8: 9c59270c3fd7afecdb556c50c9e8de78 -> 
  custom:graphics/normal-map-encoding: 01000000000000000000000000000000 -> 02000000000000000000000000000000
  custom:audio-decoder-ogg-vorbis: bf7c407c2cedff20999df2af8eb42d56 -> 
  custom:audio-encoder-webm-vorbis: bf7c407c2cedff20999df2af8eb42d56 -> 
AssetImportWorkerClient::OnTransportError - code=2 error=End of file
