Using pre-set license
Built from '2020.3/staging' branch; Version is '2020.3.14f1 (d0d1bb862f9d) revision 13685179'; Using compiler version '192528614'; Build Type 'Release'
OS: 'Windows 10 Enterprise N; OS build 19043.1110; Version 2009; 64bit' Language: 'en' Physical Memory: 16315 MB
BatchMode: 1, IsHumanControllingUs: 0, StartBugReporterOnCrash: 0, Is64bit: 1, IsPro: 0

 COMMAND LINE ARGUMENTS:
C:\Program Files\Unity\Hub\Editor\2020.3.14f1\Editor\Unity.exe
-adb2
-batchMode
-noUpm
-name
AssetImportWorker0
-projectPath
E:/_Test/GravityJack_AR_VR testing project/Project/Unity-AR-Foundation-Test
-logFile
Logs/AssetImportWorker0.log
-srvPort
9644
Successfully changed project path to: E:/_Test/GravityJack_AR_VR testing project/Project/Unity-AR-Foundation-Test
E:/_Test/GravityJack_AR_VR testing project/Project/Unity-AR-Foundation-Test
Using Asset Import Pipeline V2.
Refreshing native plugins compatible for Editor in 30.94 ms, found 2 plugins.
Preloading 0 native plugins for Editor in 0.00 ms.
Initialize engine version: 2020.3.14f1 (d0d1bb862f9d)
[Subsystems] Discovering subsystems at path C:/Program Files/Unity/Hub/Editor/2020.3.14f1/Editor/Data/Resources/UnitySubsystems
[Subsystems] Discovering subsystems at path E:/_Test/GravityJack_AR_VR testing project/Project/Unity-AR-Foundation-Test/Assets
GfxDevice: creating device client; threaded=0
Direct3D:
    Version:  Direct3D 11.0 [level 11.1]
    Renderer: NVIDIA GeForce RTX 3080 (ID=0x2206)
    Vendor:   
    VRAM:     10077 MB
    Driver:   30.0.14.7111
Initialize mono
Mono path[0] = 'C:/Program Files/Unity/Hub/Editor/2020.3.14f1/Editor/Data/Managed'
Mono path[1] = 'C:/Program Files/Unity/Hub/Editor/2020.3.14f1/Editor/Data/MonoBleedingEdge/lib/mono/unityjit'
Mono config path = 'C:/Program Files/Unity/Hub/Editor/2020.3.14f1/Editor/Data/MonoBleedingEdge/etc'
Using monoOptions --debugger-agent=transport=dt_socket,embedding=1,server=y,suspend=n,address=127.0.0.1:56456
Begin MonoManager ReloadAssembly
Registering precompiled unity dll's ...
Register platform support module: C:/Program Files/Unity/Hub/Editor/2020.3.14f1/Editor/Data/PlaybackEngines/WebGLSupport/UnityEditor.WebGL.Extensions.dll
Register platform support module: C:/Program Files/Unity/Hub/Editor/2020.3.14f1/Editor/Data/PlaybackEngines/WindowsStandaloneSupport/UnityEditor.WindowsStandalone.Extensions.dll
Registered in 0.002218 seconds.
Native extension for WindowsStandalone target not found
Native extension for WebGL target not found
Refreshing native plugins compatible for Editor in 28.53 ms, found 2 plugins.
Preloading 0 native plugins for Editor in 0.00 ms.
Mono: successfully reloaded assembly
- Completed reload, in  1.272 seconds
Domain Reload Profiling:
	ReloadAssembly (1273ms)
		BeginReloadAssembly (55ms)
			ExecutionOrderSort (0ms)
			DisableScriptedObjects (0ms)
			BackupInstance (0ms)
			ReleaseScriptingObjects (0ms)
			CreateAndSetChildDomain (1ms)
		EndReloadAssembly (418ms)
			LoadAssemblies (53ms)
			RebuildTransferFunctionScriptingTraits (0ms)
			SetupTypeCache (146ms)
			ReleaseScriptCaches (0ms)
			RebuildScriptCaches (35ms)
			SetupLoadedEditorAssemblies (161ms)
				LogAssemblyErrors (0ms)
				InitializePlatformSupportModulesInManaged (5ms)
				SetLoadedEditorAssemblies (0ms)
				RefreshPlugins (29ms)
				BeforeProcessingInitializeOnLoad (15ms)
				ProcessInitializeOnLoadAttributes (84ms)
				ProcessInitializeOnLoadMethodAttributes (28ms)
				AfterProcessingInitializeOnLoad (0ms)
				EditorAssembliesLoaded (0ms)
			ExecutionOrderSort2 (0ms)
			AwakeInstancesAfterBackupRestoration (0ms)
Platform modules already initialized, skipping
Registering precompiled user dll's ...
Registered in 0.002640 seconds.
Begin MonoManager ReloadAssembly
Native extension for WindowsStandalone target not found
Native extension for WebGL target not found
Refreshing native plugins compatible for Editor in 28.33 ms, found 2 plugins.
Preloading 0 native plugins for Editor in 0.00 ms.
Mono: successfully reloaded assembly
- Completed reload, in  1.103 seconds
Domain Reload Profiling:
	ReloadAssembly (1104ms)
		BeginReloadAssembly (142ms)
			ExecutionOrderSort (0ms)
			DisableScriptedObjects (5ms)
			BackupInstance (0ms)
			ReleaseScriptingObjects (0ms)
			CreateAndSetChildDomain (19ms)
		EndReloadAssembly (901ms)
			LoadAssemblies (84ms)
			RebuildTransferFunctionScriptingTraits (0ms)
			SetupTypeCache (272ms)
			ReleaseScriptCaches (0ms)
			RebuildScriptCaches (53ms)
			SetupLoadedEditorAssemblies (356ms)
				LogAssemblyErrors (0ms)
				InitializePlatformSupportModulesInManaged (5ms)
				SetLoadedEditorAssemblies (0ms)
				RefreshPlugins (28ms)
				BeforeProcessingInitializeOnLoad (108ms)
				ProcessInitializeOnLoadAttributes (206ms)
				ProcessInitializeOnLoadMethodAttributes (4ms)
				AfterProcessingInitializeOnLoad (6ms)
				EditorAssembliesLoaded (0ms)
			ExecutionOrderSort2 (0ms)
			AwakeInstancesAfterBackupRestoration (7ms)
Platform modules already initialized, skipping
========================================================================
Worker process is ready to serve import requests
Launched and connected shader compiler UnityShaderCompiler.exe after 0.05 seconds
Refreshing native plugins compatible for Editor in 0.39 ms, found 2 plugins.
Preloading 0 native plugins for Editor in 0.00 ms.
Unloading 1815 Unused Serialized files (Serialized files now loaded: 0)
System memory in use before: 79.1 MB.
System memory in use after: 79.2 MB.

Unloading 21 unused Assets to reduce memory usage. Loaded Objects now: 2248.
Total: 2.206100 ms (FindLiveObjects: 0.148200 ms CreateObjectMapping: 0.053100 ms MarkObjects: 1.926400 ms  DeleteObjects: 0.077500 ms)

AssetImportParameters requested are different than current active one (requested -> active):
  custom:framework-win-MediaFoundation: 216162199b28c13a410421893ffa2e32 -> 
  custom:video-decoder-ogg-theora: a1e56fd34408186e4bbccfd4996cb3dc -> 
  custom:container-muxer-webm: aa71ff27fc2769a1b78a27578f13a17b -> 
  custom:container-demuxer-webm: 4f35f7cbe854078d1ac9338744f61a02 -> 
  custom:container-demuxer-ogg: 62fdf1f143b41e24485cea50d1cbac27 -> 
  custom:video-encoder-webm-vp8: eb34c28f22e8b96e1ab97ce403110664 -> 
  custom:video-decoder-webm-vp8: 9c59270c3fd7afecdb556c50c9e8de78 -> 
  custom:audio-decoder-ogg-vorbis: bf7c407c2cedff20999df2af8eb42d56 -> 
  custom:audio-encoder-webm-vorbis: bf7c407c2cedff20999df2af8eb42d56 -> 
========================================================================
Received Import Request.
  path: Assets/Characters/Animation
  artifactKey: Guid(0d52f26d7dc79754fb4da22187d39592) Importer(815301076,1909f56bfc062723c751e8b465ee728b)
Start importing Assets/Characters/Animation using Guid(0d52f26d7dc79754fb4da22187d39592) Importer(815301076,1909f56bfc062723c751e8b465ee728b)  -> (artifact id: '8c6fb7191e5e9bd60a343b7c8c1df286') in 0.043893 seconds 
  Import took 0.063620 seconds .

========================================================================
Received Import Request.
  Time since last request: 0.000221 seconds.
  path: Assets/Characters/Animation/AR Feathered Plane Fade.controller
  artifactKey: Guid(3f2672ab90096497b9d94da7ea0c6683) Importer(815301076,1909f56bfc062723c751e8b465ee728b)
Start importing Assets/Characters/Animation/AR Feathered Plane Fade.controller using Guid(3f2672ab90096497b9d94da7ea0c6683) Importer(815301076,1909f56bfc062723c751e8b465ee728b)  -> (artifact id: '44e88273faa0e6a642869a3923258742') in 0.033604 seconds 
  Import took 0.048681 seconds .

========================================================================
Received Import Request.
  Time since last request: 0.000206 seconds.
  path: Assets/Characters
  artifactKey: Guid(e8a73e48657d942469915444a64d81f9) Importer(815301076,1909f56bfc062723c751e8b465ee728b)
Start importing Assets/Characters using Guid(e8a73e48657d942469915444a64d81f9) Importer(815301076,1909f56bfc062723c751e8b465ee728b)  -> (artifact id: '1fc2ca4862b9849621cd33c294bb3943') in 0.004822 seconds 
  Import took 0.014357 seconds .

========================================================================
Received Import Request.
  Time since last request: 0.404088 seconds.
  path: Assets/Characters/Animation/PlaneFadeOff.anim
  artifactKey: Guid(8cd83a059647c4eaabf9cc2ca368e13e) Importer(815301076,1909f56bfc062723c751e8b465ee728b)
Start importing Assets/Characters/Animation/PlaneFadeOff.anim using Guid(8cd83a059647c4eaabf9cc2ca368e13e) Importer(815301076,1909f56bfc062723c751e8b465ee728b)  -> (artifact id: 'd1fe15439889acced69f61ad8968b090') in 0.006763 seconds 
  Import took 0.094394 seconds .

========================================================================
Received Import Request.
  Time since last request: 0.605209 seconds.
  path: Assets/Characters/Animation/PlaneFadeOn.anim
  artifactKey: Guid(f5e146e0a88114d58b942eb7e2579a35) Importer(815301076,1909f56bfc062723c751e8b465ee728b)
Start importing Assets/Characters/Animation/PlaneFadeOn.anim using Guid(f5e146e0a88114d58b942eb7e2579a35) Importer(815301076,1909f56bfc062723c751e8b465ee728b)  -> (artifact id: '2a9f063b746511ddbce25d5a7437fecd') in 0.005622 seconds 
  Import took 0.038311 seconds .

========================================================================
Received Import Request.
  Time since last request: 2.967050 seconds.
  path: Assets/Characters/Materials
  artifactKey: Guid(c65e5fc778891b847b4eeff020cda9ac) Importer(815301076,1909f56bfc062723c751e8b465ee728b)
Start importing Assets/Characters/Materials using Guid(c65e5fc778891b847b4eeff020cda9ac) Importer(815301076,1909f56bfc062723c751e8b465ee728b)  -> (artifact id: '841224d1f7affa85064ee188e03a14aa') in 0.005800 seconds 
  Import took 0.009003 seconds .

========================================================================
Received Import Request.
  Time since last request: 0.557042 seconds.
  path: Assets/Characters/Textures/PlanePatternDot.png
  artifactKey: Guid(cf0c720f1ba9b47e293f4b9bcfb2ecb4) Importer(815301076,1909f56bfc062723c751e8b465ee728b)
Start importing Assets/Characters/Textures/PlanePatternDot.png using Guid(cf0c720f1ba9b47e293f4b9bcfb2ecb4) Importer(815301076,1909f56bfc062723c751e8b465ee728b)  -> (artifact id: 'e88b7e14ef3cd1fc295b7d1902c0e200') in 0.046958 seconds 
  Import took 0.049807 seconds .

========================================================================
Received Import Request.
  Time since last request: 0.002146 seconds.
  path: Assets/Characters/Textures/PlanePatternDot.png
  artifactKey: Guid(cf0c720f1ba9b47e293f4b9bcfb2ecb4) Importer(815301076,1909f56bfc062723c751e8b465ee728b)
Start importing Assets/Characters/Textures/PlanePatternDot.png using Guid(cf0c720f1ba9b47e293f4b9bcfb2ecb4) Importer(815301076,1909f56bfc062723c751e8b465ee728b)  -> (artifact id: 'e88b7e14ef3cd1fc295b7d1902c0e200') in 0.011264 seconds 
  Import took 0.013933 seconds .

========================================================================
Received Import Request.
  Time since last request: 2.305150 seconds.
  path: Assets/Characters/Prefabs/AR Feathered Plane Fade.prefab
  artifactKey: Guid(617b10198100d44078c5e70d97423117) Importer(815301076,1909f56bfc062723c751e8b465ee728b)
Start importing Assets/Characters/Prefabs/AR Feathered Plane Fade.prefab using Guid(617b10198100d44078c5e70d97423117) Importer(815301076,1909f56bfc062723c751e8b465ee728b)  -> (artifact id: '88d1711ad232ae4d264c7464c0b7cf63') in 0.011467 seconds 
  Import took 0.014189 seconds .

========================================================================
Received Import Request.
  Time since last request: 0.085547 seconds.
  path: Assets/Characters/Prefabs/AR Feathered Plane Fade.prefab
  artifactKey: Guid(617b10198100d44078c5e70d97423117) Importer(815301076,1909f56bfc062723c751e8b465ee728b)
Start importing Assets/Characters/Prefabs/AR Feathered Plane Fade.prefab using Guid(617b10198100d44078c5e70d97423117) Importer(815301076,1909f56bfc062723c751e8b465ee728b)  -> (artifact id: '88d1711ad232ae4d264c7464c0b7cf63') in 0.003992 seconds 
  Import took 0.006639 seconds .

========================================================================
Received Import Request.
  Time since last request: 39.113764 seconds.
  path: Assets/AR Featured Plane
  artifactKey: Guid(e8a73e48657d942469915444a64d81f9) Importer(815301076,1909f56bfc062723c751e8b465ee728b)
Start importing Assets/AR Featured Plane using Guid(e8a73e48657d942469915444a64d81f9) Importer(815301076,1909f56bfc062723c751e8b465ee728b)  -> (artifact id: '9fd82727a9fec5760964012a34c59ec9') in 0.005396 seconds 
  Import took 0.050209 seconds .

========================================================================
Received Prepare
Registering precompiled user dll's ...
Registered in 0.002449 seconds.
Begin MonoManager ReloadAssembly
Native extension for WindowsStandalone target not found
Native extension for WebGL target not found
Refreshing native plugins compatible for Editor in 0.38 ms, found 2 plugins.
Preloading 0 native plugins for Editor in 0.00 ms.
Mono: successfully reloaded assembly
- Completed reload, in  0.994 seconds
Domain Reload Profiling:
	ReloadAssembly (994ms)
		BeginReloadAssembly (102ms)
			ExecutionOrderSort (0ms)
			DisableScriptedObjects (4ms)
			BackupInstance (0ms)
			ReleaseScriptingObjects (0ms)
			CreateAndSetChildDomain (32ms)
		EndReloadAssembly (831ms)
			LoadAssemblies (83ms)
			RebuildTransferFunctionScriptingTraits (0ms)
			SetupTypeCache (267ms)
			ReleaseScriptCaches (1ms)
			RebuildScriptCaches (44ms)
			SetupLoadedEditorAssemblies (329ms)
				LogAssemblyErrors (0ms)
				InitializePlatformSupportModulesInManaged (6ms)
				SetLoadedEditorAssemblies (0ms)
				RefreshPlugins (0ms)
				BeforeProcessingInitializeOnLoad (107ms)
				ProcessInitializeOnLoadAttributes (206ms)
				ProcessInitializeOnLoadMethodAttributes (3ms)
				AfterProcessingInitializeOnLoad (6ms)
				EditorAssembliesLoaded (0ms)
			ExecutionOrderSort2 (0ms)
			AwakeInstancesAfterBackupRestoration (7ms)
Platform modules already initialized, skipping
Switching build target platform(19) subTarget(0) extendedPlatform(0) -> platform(13) subTarget(524288) extendedPlatform(0)
Refreshing native plugins compatible for Editor in 0.39 ms, found 2 plugins.
Preloading 0 native plugins for Editor in 0.00 ms.
Unloading 1805 Unused Serialized files (Serialized files now loaded: 0)
System memory in use before: 78.6 MB.
System memory in use after: 78.7 MB.

Unloading 16 unused Assets to reduce memory usage. Loaded Objects now: 2254.
Total: 2.106100 ms (FindLiveObjects: 0.174700 ms CreateObjectMapping: 0.061800 ms MarkObjects: 1.813600 ms  DeleteObjects: 0.055100 ms)

AssetImportParameters requested are different than current active one (requested -> active):
  custom:framework-win-MediaFoundation: 216162199b28c13a410421893ffa2e32 -> 
  custom:video-decoder-ogg-theora: a1e56fd34408186e4bbccfd4996cb3dc -> 
  custom:container-muxer-webm: aa71ff27fc2769a1b78a27578f13a17b -> 
  custom:container-demuxer-webm: 4f35f7cbe854078d1ac9338744f61a02 -> 
  custom:container-demuxer-ogg: 62fdf1f143b41e24485cea50d1cbac27 -> 
  custom:video-encoder-webm-vp8: eb34c28f22e8b96e1ab97ce403110664 -> 
  custom:video-decoder-webm-vp8: 9c59270c3fd7afecdb556c50c9e8de78 -> 
  custom:graphics/normal-map-encoding: 01000000000000000000000000000000 -> 02000000000000000000000000000000
  custom:audio-decoder-ogg-vorbis: bf7c407c2cedff20999df2af8eb42d56 -> 
  custom:audio-encoder-webm-vorbis: bf7c407c2cedff20999df2af8eb42d56 -> 
========================================================================
Received Import Request.
  Time since last request: 15.034576 seconds.
  path: Assets/AR Featured Plane/Scripts/UX/FadePlaneOnBoundaryChange.cs
  artifactKey: Guid(88dbe81e1cd074727b11130714ca8d83) Importer(815301076,1909f56bfc062723c751e8b465ee728b)
Start importing Assets/AR Featured Plane/Scripts/UX/FadePlaneOnBoundaryChange.cs using Guid(88dbe81e1cd074727b11130714ca8d83) Importer(815301076,1909f56bfc062723c751e8b465ee728b)  -> (artifact id: 'dd970b07003bd5e9ff6a4f87a5d283dd') in 0.009298 seconds 
  Import took 0.025188 seconds .

========================================================================
Received Import Request.
  Time since last request: 0.012280 seconds.
  path: Assets/AR Featured Plane/Scripts/UX/FadePlaneOnBoundaryChange.cs
  artifactKey: Guid(88dbe81e1cd074727b11130714ca8d83) Importer(815301076,1909f56bfc062723c751e8b465ee728b)
Start importing Assets/AR Featured Plane/Scripts/UX/FadePlaneOnBoundaryChange.cs using Guid(88dbe81e1cd074727b11130714ca8d83) Importer(815301076,1909f56bfc062723c751e8b465ee728b)  -> (artifact id: 'dd970b07003bd5e9ff6a4f87a5d283dd') in 0.001609 seconds 
  Import took 0.004829 seconds .

AssetImportWorkerClient::OnTransportError - code=2 error=End of file
